<?xml version="1.0" encoding="UTF-8"?>
<robot generator="Robot 6.1.1 (Python 3.13.2 on win32)" generated="20250311 10:02:38.371" rpa="false" schemaversion="4">
<suite id="s1" name="Essai" source="C:\Users\arezgui\Desktop\Test\Essai.robot">
<test id="s1-t1" name="Recherche Google" line="9">
<kw name="Open NavigatorChrome">
<kw name="Open Browser" library="SeleniumLibrary">
<arg>https://www.google.fr/</arg>
<arg>Chrome</arg>
<doc>Opens a new browser instance to the optional ``url``.</doc>
<msg timestamp="20250311 10:02:39.026" level="INFO">Opening browser 'Chrome' to base url 'https://www.google.fr/'.</msg>
<status status="PASS" starttime="20250311 10:02:39.025" endtime="20250311 10:02:50.927"/>
</kw>
<kw name="Maximize Browser Window" library="SeleniumLibrary">
<doc>Maximizes current browser window.</doc>
<status status="PASS" starttime="20250311 10:02:50.927" endtime="20250311 10:02:50.977"/>
</kw>
<kw name="Capture Element Screenshot" library="SeleniumLibrary">
<arg>xpath:/html/body/div[1]/div[2]/div/img</arg>
<doc>Captures a screenshot from the element identified by ``locator`` and embeds it into log file.</doc>
<msg timestamp="20250311 10:02:51.209" level="INFO" html="true">&lt;/td&gt;&lt;/tr&gt;&lt;tr&gt;&lt;td colspan="3"&gt;&lt;a href="selenium-element-screenshot-1.png"&gt;&lt;img src="selenium-element-screenshot-1.png" width="400px"&gt;&lt;/a&gt;</msg>
<status status="PASS" starttime="20250311 10:02:50.977" endtime="20250311 10:02:51.210"/>
</kw>
<kw name="Capture Page Screenshot" library="SeleniumLibrary">
<doc>Takes a screenshot of the current page and embeds it into a log file.</doc>
<msg timestamp="20250311 10:02:51.468" level="INFO" html="true">&lt;/td&gt;&lt;/tr&gt;&lt;tr&gt;&lt;td colspan="3"&gt;&lt;a href="selenium-screenshot-1.png"&gt;&lt;img src="selenium-screenshot-1.png" width="800px"&gt;&lt;/a&gt;</msg>
<status status="PASS" starttime="20250311 10:02:51.210" endtime="20250311 10:02:51.469"/>
</kw>
<kw name="Press Keys" library="SeleniumLibrary">
<arg>//*[@id="APjFqb"]</arg>
<arg>Selenium</arg>
<doc>Simulates the user pressing key(s) to an element or on the active browser.</doc>
<msg timestamp="20250311 10:02:51.471" level="INFO">Sending key(s) ('Selenium',) to //*[@id="APjFqb"] element.</msg>
<msg timestamp="20250311 10:02:51.806" level="INFO">Sending keys Selenium</msg>
<status status="PASS" starttime="20250311 10:02:51.469" endtime="20250311 10:02:51.893"/>
</kw>
<kw name="Press Keys" library="SeleniumLibrary">
<arg>//*[@id="APjFqb"]</arg>
<arg>ENTER</arg>
<doc>Simulates the user pressing key(s) to an element or on the active browser.</doc>
<msg timestamp="20250311 10:02:51.894" level="INFO">Sending key(s) ('ENTER',) to //*[@id="APjFqb"] element.</msg>
<msg timestamp="20250311 10:02:52.230" level="INFO">Pressing special key ENTER to element.</msg>
<msg timestamp="20250311 10:02:52.230" level="INFO">Releasing special key ENTER.</msg>
<status status="PASS" starttime="20250311 10:02:51.893" endtime="20250311 10:02:57.024"/>
</kw>
<status status="PASS" starttime="20250311 10:02:39.024" endtime="20250311 10:02:57.024"/>
</kw>
<kw name="Go To" library="SeleniumLibrary">
<arg>https://sof-tunisie.sofrecom.fr/fr</arg>
<doc>Navigates the current browser window to the provided ``url``.</doc>
<msg timestamp="20250311 10:02:57.026" level="INFO">Opening url 'https://sof-tunisie.sofrecom.fr/fr'</msg>
<status status="PASS" starttime="20250311 10:02:57.025" endtime="20250311 10:03:02.885"/>
</kw>
<kw name="Log Title" library="SeleniumLibrary">
<doc>Logs and returns the title of the current page.</doc>
<msg timestamp="20250311 10:03:02.905" level="INFO">Home page Intranet Tunisie | Sofrecom Tunisie</msg>
<status status="PASS" starttime="20250311 10:03:02.886" endtime="20250311 10:03:02.906"/>
</kw>
<tag>aya</tag>
<status status="PASS" starttime="20250311 10:02:39.023" endtime="20250311 10:03:02.906"/>
</test>
<test id="s1-t2" name="For Looop1" line="14">
<for flavor="IN RANGE">
<var>${i}</var>
<value>1</value>
<value>10</value>
<iter>
<var name="${i}">1</var>
<kw name="Log To Console" library="BuiltIn">
<arg>${i}</arg>
<doc>Logs the given message to the console.</doc>
<status status="PASS" starttime="20250311 10:03:02.912" endtime="20250311 10:03:02.913"/>
</kw>
<status status="PASS" starttime="20250311 10:03:02.912" endtime="20250311 10:03:02.913"/>
</iter>
<iter>
<var name="${i}">2</var>
<kw name="Log To Console" library="BuiltIn">
<arg>${i}</arg>
<doc>Logs the given message to the console.</doc>
<status status="PASS" starttime="20250311 10:03:02.914" endtime="20250311 10:03:02.915"/>
</kw>
<status status="PASS" starttime="20250311 10:03:02.913" endtime="20250311 10:03:02.915"/>
</iter>
<iter>
<var name="${i}">3</var>
<kw name="Log To Console" library="BuiltIn">
<arg>${i}</arg>
<doc>Logs the given message to the console.</doc>
<status status="PASS" starttime="20250311 10:03:02.916" endtime="20250311 10:03:02.917"/>
</kw>
<status status="PASS" starttime="20250311 10:03:02.915" endtime="20250311 10:03:02.917"/>
</iter>
<iter>
<var name="${i}">4</var>
<kw name="Log To Console" library="BuiltIn">
<arg>${i}</arg>
<doc>Logs the given message to the console.</doc>
<status status="PASS" starttime="20250311 10:03:02.918" endtime="20250311 10:03:02.919"/>
</kw>
<status status="PASS" starttime="20250311 10:03:02.917" endtime="20250311 10:03:02.919"/>
</iter>
<iter>
<var name="${i}">5</var>
<kw name="Log To Console" library="BuiltIn">
<arg>${i}</arg>
<doc>Logs the given message to the console.</doc>
<status status="PASS" starttime="20250311 10:03:02.920" endtime="20250311 10:03:02.921"/>
</kw>
<status status="PASS" starttime="20250311 10:03:02.919" endtime="20250311 10:03:02.921"/>
</iter>
<iter>
<var name="${i}">6</var>
<kw name="Log To Console" library="BuiltIn">
<arg>${i}</arg>
<doc>Logs the given message to the console.</doc>
<status status="PASS" starttime="20250311 10:03:02.922" endtime="20250311 10:03:02.925"/>
</kw>
<status status="PASS" starttime="20250311 10:03:02.922" endtime="20250311 10:03:02.925"/>
</iter>
<iter>
<var name="${i}">7</var>
<kw name="Log To Console" library="BuiltIn">
<arg>${i}</arg>
<doc>Logs the given message to the console.</doc>
<status status="PASS" starttime="20250311 10:03:02.926" endtime="20250311 10:03:02.928"/>
</kw>
<status status="PASS" starttime="20250311 10:03:02.926" endtime="20250311 10:03:02.928"/>
</iter>
<iter>
<var name="${i}">8</var>
<kw name="Log To Console" library="BuiltIn">
<arg>${i}</arg>
<doc>Logs the given message to the console.</doc>
<status status="PASS" starttime="20250311 10:03:02.928" endtime="20250311 10:03:02.930"/>
</kw>
<status status="PASS" starttime="20250311 10:03:02.928" endtime="20250311 10:03:02.930"/>
</iter>
<iter>
<var name="${i}">9</var>
<kw name="Log To Console" library="BuiltIn">
<arg>${i}</arg>
<doc>Logs the given message to the console.</doc>
<status status="PASS" starttime="20250311 10:03:02.931" endtime="20250311 10:03:02.932"/>
</kw>
<status status="PASS" starttime="20250311 10:03:02.930" endtime="20250311 10:03:02.932"/>
</iter>
<status status="PASS" starttime="20250311 10:03:02.911" endtime="20250311 10:03:02.932"/>
</for>
<kw name="Log To Console" library="BuiltIn">
<arg>AYAr</arg>
<doc>Logs the given message to the console.</doc>
<status status="PASS" starttime="20250311 10:03:02.933" endtime="20250311 10:03:02.934"/>
</kw>
<for flavor="IN">
<var>${var}</var>
<value>one</value>
<value>two</value>
<value>${3}</value>
<value>four</value>
<value>${5}</value>
<value>kuusi</value>
<value>7</value>
<value>eight</value>
<value>nine</value>
<value>${6}</value>
<iter>
<var name="${var}">one</var>
<kw name="Log" library="BuiltIn">
<arg>${var}</arg>
<doc>Logs the given message with the given level.</doc>
<msg timestamp="20250311 10:03:02.939" level="INFO">one</msg>
<status status="PASS" starttime="20250311 10:03:02.938" endtime="20250311 10:03:02.939"/>
</kw>
<status status="PASS" starttime="20250311 10:03:02.938" endtime="20250311 10:03:02.939"/>
</iter>
<iter>
<var name="${var}">two</var>
<kw name="Log" library="BuiltIn">
<arg>${var}</arg>
<doc>Logs the given message with the given level.</doc>
<msg timestamp="20250311 10:03:02.941" level="INFO">two</msg>
<status status="PASS" starttime="20250311 10:03:02.940" endtime="20250311 10:03:02.941"/>
</kw>
<status status="PASS" starttime="20250311 10:03:02.939" endtime="20250311 10:03:02.941"/>
</iter>
<iter>
<var name="${var}">3</var>
<kw name="Log" library="BuiltIn">
<arg>${var}</arg>
<doc>Logs the given message with the given level.</doc>
<msg timestamp="20250311 10:03:02.943" level="INFO">3</msg>
<status status="PASS" starttime="20250311 10:03:02.942" endtime="20250311 10:03:02.943"/>
</kw>
<status status="PASS" starttime="20250311 10:03:02.942" endtime="20250311 10:03:02.943"/>
</iter>
<iter>
<var name="${var}">four</var>
<kw name="Log" library="BuiltIn">
<arg>${var}</arg>
<doc>Logs the given message with the given level.</doc>
<msg timestamp="20250311 10:03:02.944" level="INFO">four</msg>
<status status="PASS" starttime="20250311 10:03:02.943" endtime="20250311 10:03:02.944"/>
</kw>
<status status="PASS" starttime="20250311 10:03:02.943" endtime="20250311 10:03:02.944"/>
</iter>
<iter>
<var name="${var}">5</var>
<kw name="Log" library="BuiltIn">
<arg>${var}</arg>
<doc>Logs the given message with the given level.</doc>
<msg timestamp="20250311 10:03:02.945" level="INFO">5</msg>
<status status="PASS" starttime="20250311 10:03:02.944" endtime="20250311 10:03:02.945"/>
</kw>
<status status="PASS" starttime="20250311 10:03:02.944" endtime="20250311 10:03:02.945"/>
</iter>
<iter>
<var name="${var}">kuusi</var>
<kw name="Log" library="BuiltIn">
<arg>${var}</arg>
<doc>Logs the given message with the given level.</doc>
<msg timestamp="20250311 10:03:02.947" level="INFO">kuusi</msg>
<status status="PASS" starttime="20250311 10:03:02.946" endtime="20250311 10:03:02.947"/>
</kw>
<status status="PASS" starttime="20250311 10:03:02.946" endtime="20250311 10:03:02.947"/>
</iter>
<iter>
<var name="${var}">7</var>
<kw name="Log" library="BuiltIn">
<arg>${var}</arg>
<doc>Logs the given message with the given level.</doc>
<msg timestamp="20250311 10:03:02.948" level="INFO">7</msg>
<status status="PASS" starttime="20250311 10:03:02.948" endtime="20250311 10:03:02.948"/>
</kw>
<status status="PASS" starttime="20250311 10:03:02.947" endtime="20250311 10:03:02.948"/>
</iter>
<iter>
<var name="${var}">eight</var>
<kw name="Log" library="BuiltIn">
<arg>${var}</arg>
<doc>Logs the given message with the given level.</doc>
<msg timestamp="20250311 10:03:02.949" level="INFO">eight</msg>
<status status="PASS" starttime="20250311 10:03:02.949" endtime="20250311 10:03:02.949"/>
</kw>
<status status="PASS" starttime="20250311 10:03:02.948" endtime="20250311 10:03:02.949"/>
</iter>
<iter>
<var name="${var}">nine</var>
<kw name="Log" library="BuiltIn">
<arg>${var}</arg>
<doc>Logs the given message with the given level.</doc>
<msg timestamp="20250311 10:03:02.950" level="INFO">nine</msg>
<status status="PASS" starttime="20250311 10:03:02.950" endtime="20250311 10:03:02.950"/>
</kw>
<status status="PASS" starttime="20250311 10:03:02.949" endtime="20250311 10:03:02.950"/>
</iter>
<iter>
<var name="${var}">6</var>
<kw name="Log" library="BuiltIn">
<arg>${var}</arg>
<doc>Logs the given message with the given level.</doc>
<msg timestamp="20250311 10:03:02.953" level="INFO">6</msg>
<status status="PASS" starttime="20250311 10:03:02.951" endtime="20250311 10:03:02.953"/>
</kw>
<status status="PASS" starttime="20250311 10:03:02.951" endtime="20250311 10:03:02.953"/>
</iter>
<status status="PASS" starttime="20250311 10:03:02.934" endtime="20250311 10:03:02.953"/>
</for>
<tag>eya</tag>
<status status="PASS" starttime="20250311 10:03:02.910" endtime="20250311 10:03:02.954"/>
</test>
<doc>Essai</doc>
<status status="PASS" starttime="20250311 10:02:38.374" endtime="20250311 10:03:02.957"/>
</suite>
<statistics>
<total>
<stat pass="2" fail="0" skip="0">All Tests</stat>
</total>
<tag>
<stat pass="1" fail="0" skip="0">aya</stat>
<stat pass="1" fail="0" skip="0">eya</stat>
</tag>
<suite>
<stat pass="2" fail="0" skip="0" id="s1" name="Essai">Essai</stat>
</suite>
</statistics>
<errors>
</errors>
</robot>
